<?xml version="1.0" encoding="UTF-8"?>
<robot generator="Robot 3.0.4 (Python 3.7.0 on win32)" generated="20180805 00:16:37.360">
<suite id="s1" name="New" source="D:\study\my\python\exercise\test\new.txt">
<kw name="Go to homepage" type="setup">
<kw name="Open Browser" library="Selenium2Library">
<doc>Opens a new browser instance to the given ``url``.</doc>
<arguments>
<arg>${HOMEPAGE}</arg>
<arg>${BROWSER}</arg>
</arguments>
<msg timestamp="20180805 00:16:37.491" level="INFO">Opening browser 'Firefox' to base url 'https://hotline.ua'.</msg>
<status status="PASS" starttime="20180805 00:16:37.491" endtime="20180805 00:16:44.971"></status>
</kw>
<status status="PASS" starttime="20180805 00:16:37.491" endtime="20180805 00:16:44.971"></status>
</kw>
<test id="s1-t1" name="How to make money on the iPhone X?">
<kw name="It's not a crutch">
<arguments>
<arg>Apple Iphone X</arg>
<arg>Apple iPhone X 64GB Space Gray (MQAC2)</arg>
</arguments>
<kw name="Input Text" library="Selenium2Library">
<doc>Types the given ``text`` into text field identified by ``locator``.</doc>
<arguments>
<arg>id=searchbox</arg>
<arg>${searchkey}</arg>
</arguments>
<msg timestamp="20180805 00:16:44.974" level="INFO">Typing text 'Apple Iphone X' into text field 'id=searchbox'.</msg>
<status status="PASS" starttime="20180805 00:16:44.973" endtime="20180805 00:16:45.040"></status>
</kw>
<kw name="Click Button" library="Selenium2Library">
<doc>Clicks button identified by ``locator``.</doc>
<arguments>
<arg>id=doSearch</arg>
</arguments>
<msg timestamp="20180805 00:16:45.040" level="INFO">Clicking button 'id=doSearch'.</msg>
<status status="PASS" starttime="20180805 00:16:45.040" endtime="20180805 00:16:45.277"></status>
</kw>
<kw name="Wait Until Page Contains" library="Selenium2Library">
<doc>Waits until ``text`` appears on current page.</doc>
<arguments>
<arg>${result}</arg>
</arguments>
<status status="PASS" starttime="20180805 00:16:45.277" endtime="20180805 00:16:46.172"></status>
</kw>
<kw name="Go To" library="Selenium2Library">
<doc>Navigates the active browser instance to the provided ``url``.</doc>
<arguments>
<arg>https://hotline.ua/mobile-mobilnye-telefony-i-smartfony/apple-iphone-x-64gb-space-gray/</arg>
</arguments>
<msg timestamp="20180805 00:16:46.173" level="INFO">Opening url 'https://hotline.ua/mobile-mobilnye-telefony-i-smartfony/apple-iphone-x-64gb-space-gray/'</msg>
<status status="PASS" starttime="20180805 00:16:46.172" endtime="20180805 00:16:50.526"></status>
</kw>
<status status="PASS" starttime="20180805 00:16:44.973" endtime="20180805 00:16:50.526"></status>
</kw>
<status status="PASS" starttime="20180805 00:16:44.971" endtime="20180805 00:16:50.526" critical="yes"></status>
</test>
<doc>The future employee of the IT-Enterprise presents to you...</doc>
<status status="PASS" starttime="20180805 00:16:37.363" endtime="20180805 00:16:50.528"></status>
</suite>
<statistics>
<total>
<stat pass="1" fail="0">Critical Tests</stat>
<stat pass="1" fail="0">All Tests</stat>
</total>
<tag>
</tag>
<suite>
<stat pass="1" fail="0" id="s1" name="New">New</stat>
</suite>
</statistics>
<errors>
</errors>
</robot>
